<?xml version="1.0" encoding="UTF-8"?>
<testsuite xmlns:xsi="http://www.w3.org/2001/XMLSchema-instance" xsi:noNamespaceSchemaLocation="https://maven.apache.org/surefire/maven-surefire-plugin/xsd/surefire-test-report-3.0.xsd" version="3.0" name="org.app.service.JogoServiceTest" time="2.449" tests="12" errors="0" skipped="0" failures="0">
  <properties>
    <property name="java.specification.version" value="21"/>
    <property name="sun.cpu.isalist" value="amd64"/>
    <property name="sun.jnu.encoding" value="Cp1252"/>
    <property name="java.class.path" value="C:\Users\Leandro Alencar\Desktop\DTI_CaseTecnico\target\test-classes;C:\Users\Leandro Alencar\Desktop\DTI_CaseTecnico\target\classes;C:\Users\Leandro Alencar\.m2\repository\org\xerial\sqlite-jdbc\3.46.0.0\sqlite-jdbc-3.46.0.0.jar;C:\Users\Leandro Alencar\.m2\repository\org\slf4j\slf4j-api\1.7.36\slf4j-api-1.7.36.jar;C:\Users\Leandro Alencar\.m2\repository\org\slf4j\slf4j-simple\1.7.36\slf4j-simple-1.7.36.jar;C:\Users\Leandro Alencar\.m2\repository\org\junit\jupiter\junit-jupiter\5.11.0\junit-jupiter-5.11.0.jar;C:\Users\Leandro Alencar\.m2\repository\org\junit\jupiter\junit-jupiter-api\5.11.0\junit-jupiter-api-5.11.0.jar;C:\Users\Leandro Alencar\.m2\repository\org\opentest4j\opentest4j\1.3.0\opentest4j-1.3.0.jar;C:\Users\Leandro Alencar\.m2\repository\org\junit\platform\junit-platform-commons\1.11.0\junit-platform-commons-1.11.0.jar;C:\Users\Leandro Alencar\.m2\repository\org\apiguardian\apiguardian-api\1.1.2\apiguardian-api-1.1.2.jar;C:\Users\Leandro Alencar\.m2\repository\org\junit\jupiter\junit-jupiter-params\5.11.0\junit-jupiter-params-5.11.0.jar;C:\Users\Leandro Alencar\.m2\repository\org\junit\jupiter\junit-jupiter-engine\5.11.0\junit-jupiter-engine-5.11.0.jar;C:\Users\Leandro Alencar\.m2\repository\org\junit\platform\junit-platform-engine\1.11.0\junit-platform-engine-1.11.0.jar;C:\Users\Leandro Alencar\.m2\repository\org\mockito\mockito-core\5.2.0\mockito-core-5.2.0.jar;C:\Users\Leandro Alencar\.m2\repository\net\bytebuddy\byte-buddy-agent\1.14.1\byte-buddy-agent-1.14.1.jar;C:\Users\Leandro Alencar\.m2\repository\org\objenesis\objenesis\3.3\objenesis-3.3.jar;C:\Users\Leandro Alencar\.m2\repository\org\mockito\mockito-junit-jupiter\5.2.0\mockito-junit-jupiter-5.2.0.jar;C:\Users\Leandro Alencar\.m2\repository\net\bytebuddy\byte-buddy\1.14.12\byte-buddy-1.14.12.jar;"/>
    <property name="java.vm.vendor" value="Oracle Corporation"/>
    <property name="sun.arch.data.model" value="64"/>
    <property name="user.variant" value=""/>
    <property name="java.vendor.url" value="https://java.oracle.com/"/>
    <property name="user.timezone" value="America/Sao_Paulo"/>
    <property name="os.name" value="Windows 10"/>
    <property name="java.vm.specification.version" value="21"/>
    <property name="sun.java.launcher" value="SUN_STANDARD"/>
    <property name="user.country" value="BR"/>
    <property name="sun.boot.library.path" value="C:\Program Files\Java\jdk-21\bin"/>
    <property name="sun.java.command" value="C:\Users\Leandro Alencar\AppData\Local\Temp\surefire15554044246708841795\surefirebooter-20250908175441878_3.jar C:\Users\Leandro Alencar\AppData\Local\Temp\surefire15554044246708841795 2025-09-08T17-54-38_552-jvmRun1 surefire-20250908175441878_1tmp surefire_0-20250908175441878_2tmp"/>
    <property name="jdk.debug" value="release"/>
    <property name="surefire.test.class.path" value="C:\Users\Leandro Alencar\Desktop\DTI_CaseTecnico\target\test-classes;C:\Users\Leandro Alencar\Desktop\DTI_CaseTecnico\target\classes;C:\Users\Leandro Alencar\.m2\repository\org\xerial\sqlite-jdbc\3.46.0.0\sqlite-jdbc-3.46.0.0.jar;C:\Users\Leandro Alencar\.m2\repository\org\slf4j\slf4j-api\1.7.36\slf4j-api-1.7.36.jar;C:\Users\Leandro Alencar\.m2\repository\org\slf4j\slf4j-simple\1.7.36\slf4j-simple-1.7.36.jar;C:\Users\Leandro Alencar\.m2\repository\org\junit\jupiter\junit-jupiter\5.11.0\junit-jupiter-5.11.0.jar;C:\Users\Leandro Alencar\.m2\repository\org\junit\jupiter\junit-jupiter-api\5.11.0\junit-jupiter-api-5.11.0.jar;C:\Users\Leandro Alencar\.m2\repository\org\opentest4j\opentest4j\1.3.0\opentest4j-1.3.0.jar;C:\Users\Leandro Alencar\.m2\repository\org\junit\platform\junit-platform-commons\1.11.0\junit-platform-commons-1.11.0.jar;C:\Users\Leandro Alencar\.m2\repository\org\apiguardian\apiguardian-api\1.1.2\apiguardian-api-1.1.2.jar;C:\Users\Leandro Alencar\.m2\repository\org\junit\jupiter\junit-jupiter-params\5.11.0\junit-jupiter-params-5.11.0.jar;C:\Users\Leandro Alencar\.m2\repository\org\junit\jupiter\junit-jupiter-engine\5.11.0\junit-jupiter-engine-5.11.0.jar;C:\Users\Leandro Alencar\.m2\repository\org\junit\platform\junit-platform-engine\1.11.0\junit-platform-engine-1.11.0.jar;C:\Users\Leandro Alencar\.m2\repository\org\mockito\mockito-core\5.2.0\mockito-core-5.2.0.jar;C:\Users\Leandro Alencar\.m2\repository\net\bytebuddy\byte-buddy-agent\1.14.1\byte-buddy-agent-1.14.1.jar;C:\Users\Leandro Alencar\.m2\repository\org\objenesis\objenesis\3.3\objenesis-3.3.jar;C:\Users\Leandro Alencar\.m2\repository\org\mockito\mockito-junit-jupiter\5.2.0\mockito-junit-jupiter-5.2.0.jar;C:\Users\Leandro Alencar\.m2\repository\net\bytebuddy\byte-buddy\1.14.12\byte-buddy-1.14.12.jar;"/>
    <property name="sun.cpu.endian" value="little"/>
    <property name="user.home" value="C:\Users\Leandro Alencar"/>
    <property name="user.language" value="pt"/>
    <property name="java.specification.vendor" value="Oracle Corporation"/>
    <property name="java.version.date" value="2025-01-21"/>
    <property name="java.home" value="C:\Program Files\Java\jdk-21"/>
    <property name="file.separator" value="\"/>
    <property name="basedir" value="C:\Users\Leandro Alencar\Desktop\DTI_CaseTecnico"/>
    <property name="java.vm.compressedOopsMode" value="Zero based"/>
    <property name="line.separator" value="&#10;"/>
    <property name="java.vm.specification.vendor" value="Oracle Corporation"/>
    <property name="java.specification.name" value="Java Platform API Specification"/>
    <property name="surefire.real.class.path" value="C:\Users\Leandro Alencar\AppData\Local\Temp\surefire15554044246708841795\surefirebooter-20250908175441878_3.jar"/>
    <property name="user.script" value=""/>
    <property name="sun.management.compiler" value="HotSpot 64-Bit Tiered Compilers"/>
    <property name="java.runtime.version" value="21.0.6+8-LTS-188"/>
    <property name="user.name" value="Leandro Alencar"/>
    <property name="stdout.encoding" value="Cp1252"/>
    <property name="path.separator" value=";"/>
    <property name="os.version" value="10.0"/>
    <property name="java.runtime.name" value="Java(TM) SE Runtime Environment"/>
    <property name="file.encoding" value="UTF-8"/>
    <property name="java.vm.name" value="Java HotSpot(TM) 64-Bit Server VM"/>
    <property name="localRepository" value="C:\Users\Leandro Alencar\.m2\repository"/>
    <property name="java.vendor.url.bug" value="https://bugreport.java.com/bugreport/"/>
    <property name="java.io.tmpdir" value="C:\Users\LEANDR~1\AppData\Local\Temp\"/>
    <property name="idea.version" value="2025.1.3"/>
    <property name="java.version" value="21.0.6"/>
    <property name="user.dir" value="C:\Users\Leandro Alencar\Desktop\DTI_CaseTecnico"/>
    <property name="os.arch" value="amd64"/>
    <property name="java.vm.specification.name" value="Java Virtual Machine Specification"/>
    <property name="sun.os.patch.level" value=""/>
    <property name="native.encoding" value="Cp1252"/>
    <property name="java.library.path" value="C:\Program Files\Java\jdk-21\bin;C:\Windows\Sun\Java\bin;C:\Windows\system32;C:\Windows;c:\Users\Leandro Alencar\AppData\Local\Programs\cursor\resources\app\bin;C:\Program Files\Common Files\Oracle\Java\javapath;C:\Program Files (x86)\Common Files\Oracle\Java\java8path;C:\Program Files (x86)\Common Files\Oracle\Java\javapath;C:\Windows\system32;C:\Windows;C:\Windows\System32\Wbem;C:\Windows\System32\WindowsPowerShell\v1.0\;C:\Windows\System32\OpenSSH\;C:\Program Files\NVIDIA Corporation\NVIDIA App\NvDLISR;C:\Program Files (x86)\NVIDIA Corporation\PhysX\Common;C:\Program Files\apache-maven-3.9.9-bin\apache-maven-3.9.9\bin;C:\Program Files\Git\cmd;C:\Users\Leandro Alencar\AppData\Local\Microsoft\WindowsApps;C:\Users\Leandro Alencar\Desktop\flutter\bin;C:\Users\Leandro Alencar\AppData\Local\Programs\cursor\resources\app\bin;c:\Users\Leandro Alencar\AppData\Local\Programs\cursor\resources\app\bin;C:\Program Files\Rust stable MSVC 1.87\bin;C:\Users\Leandro Alencar\AppData\Local\Microsoft\WindowsApps;C:\Users\Leandro Alencar\AppData\Local\Programs\Microsoft VS Code\bin;C:\Users\Leandro Alencar\Desktop\flutter\bin;C:\Users\Leandro Alencar\AppData\Local\Programs\garyttierney\me3\bin;C:\Users\Leandro Alencar\AppData\Local\Programs\cursor\resources\app\bin;."/>
    <property name="java.vm.info" value="mixed mode, sharing"/>
    <property name="stderr.encoding" value="Cp1252"/>
    <property name="java.vendor" value="Oracle Corporation"/>
    <property name="java.vm.version" value="21.0.6+8-LTS-188"/>
    <property name="sun.io.unicode.encoding" value="UnicodeLittle"/>
    <property name="java.class.version" value="65.0"/>
  </properties>
  <testcase name="cadastrarJogoComTituloInvalidoDeveLancarExcecao" classname="org.app.service.JogoServiceTest" time="2.185">
    <system-err><![CDATA[WARNING: A Java agent has been loaded dynamically (C:\Users\Leandro Alencar\.m2\repository\net\bytebuddy\byte-buddy-agent\1.14.1\byte-buddy-agent-1.14.1.jar)
WARNING: If a serviceability tool is in use, please run with -XX:+EnableDynamicAgentLoading to hide this warning
WARNING: If a serviceability tool is not in use, please run with -Djdk.instrument.traceUsage for more information
WARNING: Dynamic loading of agents will be disallowed by default in a future release
]]></system-err>
  </testcase>
  <testcase name="cadastrarJogoComNotaInvalidaDeveLancarExcecao" classname="org.app.service.JogoServiceTest" time="0.024"/>
  <testcase name="deveBuscarJogoPorIdComSucesso" classname="org.app.service.JogoServiceTest" time="0.036"/>
  <testcase name="deletarJogoNaoExistenteDeveLancarExcecao" classname="org.app.service.JogoServiceTest" time="0.015"/>
  <testcase name="cadastrarJogoComGeneroInvalidoDeveLancarExcecao" classname="org.app.service.JogoServiceTest" time="0.009"/>
  <testcase name="buscarJogoPorIdNaoExistenteDeveLancarExcecao" classname="org.app.service.JogoServiceTest" time="0.01"/>
  <testcase name="deveAtualizarJogoComSucesso" classname="org.app.service.JogoServiceTest" time="0.053"/>
  <testcase name="cadastrarJogoComDataInvalidaDeveLancarExcecao" classname="org.app.service.JogoServiceTest" time="0.004"/>
  <testcase name="atualizarJogoNaoExistenteDeveLancarExcecao" classname="org.app.service.JogoServiceTest" time="0.005"/>
  <testcase name="deveListarJogos" classname="org.app.service.JogoServiceTest" time="0.01"/>
  <testcase name="deveCadastrarJogoComSucesso" classname="org.app.service.JogoServiceTest" time="0.009"/>
  <testcase name="deveDeletarJogoComSucesso" classname="org.app.service.JogoServiceTest" time="0.009"/>
</testsuite>